<?xml version="1.0" encoding="UTF-8"?>
<!-- Generated by org.testng.reporters.JUnitReportReporter -->
<testsuite skipped="0" hostname="DESKTOP-QPUKECO" name="TestCase" tests="1" failures="0" timestamp="2021-10-08T08:19:06 IST" time="0.007" errors="0">
  <testcase name="test1" time="0.007" classname="TestCase"/>
  <system-out/>
</testsuite> <!-- TestCase -->
