<?xml version="1.0" encoding="UTF-8"?>
<!-- Generated by org.testng.reporters.JUnitReportReporter -->
<testsuite hostname="DESKTOP-0P7OB7J" failures="0" tests="1" name="TestCase" time="16.136" errors="0" timestamp="2021-10-11T17:07:05 IST" skipped="0">
  <testcase classname="TestCase" name="test1" time="16.136"/>
  <system-out/>
</testsuite> <!-- TestCase -->
